[LOG] System::create                           : Header version = 2.00.08. Current version = 2.00.08.
[LOG] Manager::init                            : maxchannels = 256 studioflags = 00000006 flags 00000000 extradriverdata 0000000000000000.
[LOG] SystemI::init                            : Initialize version=20008 (108014), maxchannels=256, flags=0x00020000
[LOG] SystemI::setOutputInternal               : Setting output to 'FMOD WASAPI Output'
[LOG] OutputWASAPI::init                       : Mix Format (WAVEFORMATEX): wFormatTag=0xFFFE, nChannels=2, nSamplesPerSec=48000, nAvgBytesPerSec=384000, nBlockAlign=8, wBitsPerSample=32, cbSize=22.
[LOG] OutputWASAPI::init                       : Mix Format (WAVEFORMATEXTENSIBLE): wValidBitsPerSample=32, dwChannelMask=0x00000003, SubFormat=00000003-0000-0010-8000-00AA00389B71.
[LOG] OutputWASAPI::init                       : Output buffer size: 4096 samples, latency: 0.00ms, period: 10.00ms, DSP buffer: 1024 * 4
[LOG] Thread::initThread                       : Init FMOD stream thread. Priority: 2, Stack Size: 98304, Semaphore: No, Sleep Time: 10, Looping: Yes.
[LOG] Thread::initThread                       : Init FMOD mixer thread. Priority: 3, Stack Size: 81920, Semaphore: No, Sleep Time: 0, Looping: Yes.
[LOG] AsyncManager::init                       : manager 000001CF96D424E8 isAsync 0 updatePeriod 0.02
[LOG] AsyncManager::init                       : done
[LOG] PlaybackSystem::init                     : 
[LOG] Thread::initThread                       : Init FMOD Studio sample load thread. Priority: 0, Stack Size: 98304, Semaphore: No, Sleep Time: 1, Looping: No.
[LOG] PlaybackSystem::init                     : done
[LOG] Thread::initThread                       : Init FMOD Studio bank load thread. Priority: 0, Stack Size: 98304, Semaphore: No, Sleep Time: 1, Looping: No.
[LOG] Manager::init                            : done.
[LOG] Manager::readBank                        : fileversion = 123, compatVersion = 119 (oldest = 44, newest = 125)
[LOG] AsyncThread::threadFunc                  : Starting Asynchronous operation on sound 000001CFAD2AE008
[LOG] AsyncThread::threadFunc                  : Finished Asynchronous operation on sound 000001CFAD2AE008
[LOG] AsyncThread::threadFunc                  : Starting Asynchronous operation on sound 000001CFAD2AE008
[LOG] AsyncThread::threadFunc                  : Finished Asynchronous operation on sound 000001CFAD2AE008
[LOG] AsyncThread::threadFunc                  : Starting Asynchronous operation on sound 000001CFAD2AE008
[LOG] AsyncThread::threadFunc                  : Finished Asynchronous operation on sound 000001CFAD2AE008
[LOG] AsyncThread::threadFunc                  : Starting Asynchronous operation on sound 000001CFAD2AE008
[LOG] AsyncThread::threadFunc                  : Finished Asynchronous operation on sound 000001CFAD2AE008
[LOG] AsyncThread::threadFunc                  : Starting Asynchronous operation on sound 000001CFAD2AE008
[LOG] AsyncThread::threadFunc                  : Finished Asynchronous operation on sound 000001CFAD2AE008
[LOG] Manager::readBank                        : fileversion = 123, compatVersion = 119 (oldest = 44, newest = 125)
[LOG] AsyncThread::threadFunc                  : Starting Asynchronous operation on sound 000001CFAD2AE008
[LOG] AsyncThread::threadFunc                  : Finished Asynchronous operation on sound 000001CFAD2AE008
[LOG] AsyncThread::threadFunc                  : Starting Asynchronous operation on sound 000001CFAD2AE008
[LOG] AsyncThread::threadFunc                  : Finished Asynchronous operation on sound 000001CFAD2AE008
[LOG] AsyncThread::threadFunc                  : Starting Asynchronous operation on sound 000001CFAD2AE008
[LOG] AsyncThread::threadFunc                  : Finished Asynchronous operation on sound 000001CFAD2AE008
[LOG] AsyncThread::threadFunc                  : Starting Asynchronous operation on sound 000001CFAD2AE008
[LOG] AsyncThread::threadFunc                  : Finished Asynchronous operation on sound 000001CFAD2AE008
[LOG] AsyncThread::threadFunc                  : Starting Asynchronous operation on sound 000001CFAD2AE008
[LOG] AsyncThread::threadFunc                  : Finished Asynchronous operation on sound 000001CFAD2AE008
[LOG] Manager::readBank                        : fileversion = 123, compatVersion = 119 (oldest = 44, newest = 125)
[LOG] SoundI::release                          : SonPourLeProto (000001CFAD2AD5E8)
[LOG] SoundI::release                          :     SonPourLeProto (000001CECE1FCC28)
[LOG] SoundI::release                          :     SonPourLeProto (000001CFAD2AE008)
[LOG] SoundI::release                          :  (000001CFAD58A648)
[LOG] SoundI::release                          :     projetS2_02_walk_08 (000001CF3208D1B8)
[LOG] SoundI::release                          :  (000001CFAD58BD48)
[LOG] SoundI::release                          :     projetS2_02_walk_09 (000001CF3208CCD8)
[LOG] SoundI::release                          :  (000001CFAD589398)
[LOG] SoundI::release                          :     projetS2_02_walk_10 (000001CF3208CE78)
[LOG] SoundI::release                          :  (000001CFAD58B338)
[LOG] SoundI::release                          :     projetS2_02_walk_11 (000001CECE1FB3C8)
[LOG] SoundI::release                          :  (000001CFAD58B788)
[LOG] SoundI::release                          :     projetS2_02_walk_12 (000001CECE1FAEE8)
[LOG] SoundI::release                          :  (000001CFAD58AA98)
[LOG] SoundI::release                          :     projetS2_02_walk_13 (000001CF3208B2D8)
[LOG] SoundI::release                          :  (000001CFAD58B8F8)
[LOG] SoundI::release                          :     projetS2_02_walk_01 (000001CF3208D4F8)
[LOG] SoundI::release                          :  (000001CFAD58CA38)
[LOG] SoundI::release                          :     projetS2_02_walk_02 (000001CF3208D018)
[LOG] SoundI::release                          :  (000001CFAD58C8C8)
[LOG] SoundI::release                          :     projetS2_02_walk_03 (000001CF3208E878)
[LOG] SoundI::release                          :  (000001CFAD58A088)
[LOG] SoundI::release                          :     projetS2_02_walk_04 (000001CF3208B478)
[LOG] SoundI::release                          :  (000001CFAD58B4A8)
[LOG] SoundI::release                          :     projetS2_02_walk_05 (000001CF3208D838)
[LOG] SoundI::release                          :  (000001CFAD589F18)
[LOG] SoundI::release                          :     projetS2_02_walk_06 (000001CF3208DEB8)
[LOG] SoundI::release                          :  (000001CFAD58AEE8)
[LOG] SoundI::release                          :     projetS2_02_walk_07 (000001CF3208D9D8)
[LOG] Thread::callback                         : FMOD Studio update thread finished.
[LOG] Thread::callback                         : FMOD Studio bank load thread finished.
[LOG] Profile::disconnectAll                   : Profiler disconnecting all clients
[LOG] Thread::callback                         : FMOD Studio sample load thread finished.
[LOG] LiveUpdate::release                      : 
[LOG] LiveUpdate::reset                        : Reset connection (reason Disconnected)
[LOG] Thread::callback                         : FMOD stream thread finished.
[LOG] Thread::callback                         : FMOD mixer thread finished.
[LOG] Profile::disconnectAll                   : Profiler disconnecting all clients
[ERR] assert                                   : assertion: 'connectionsRemaining == 0' failed
[LOG] SystemI::close                           : Closed.
[LOG] Manager::readBank                        : fileversion = 123, compatVersion = 119 (oldest = 44, newest = 125)
[LOG] Manager::readBank                        : fileversion = 123, compatVersion = 119 (oldest = 44, newest = 125)
[LOG] Manager::readBank                        : fileversion = 123, compatVersion = 119 (oldest = 44, newest = 125)
[LOG] PlaybackSystem::acquireMasterBus         : Setting master channel group format to 6
[LOG] Thread::callback                         : FMOD Studio bank load thread finished.
[LOG] Thread::callback                         : FMOD Studio sample load thread finished.
[LOG] LiveUpdate::release                      : 
[LOG] LiveUpdate::reset                        : Reset connection (reason Disconnected)
[LOG] Thread::callback                         : FMOD stream thread finished.
[LOG] Thread::callback                         : FMOD mixer thread finished.
[LOG] Thread::callback                         : FMOD nonblocking thread (0) finished.
[LOG] Thread::callback                         : FMOD file thread finished.
[LOG] SystemI::close                           : Closed.
